# JRE version: OpenJDK Runtime Environment (8.0_152-b01) (build 1.8.0_152-release-915-b01)
# Java VM: OpenJDK 64-Bit Server VM (25.152-b01 mixed mode windows-amd64 compressed oops)
Heap:
 PSYoungGen      total 293888K, used 244449K [0x00000000e0000000, 0x00000000f6900000, 0x0000000100000000)
  eden space 259584K, 93% used [0x00000000e0000000,0x00000000eecb0418,0x00000000efd80000)
  from space 34304K, 6% used [0x00000000efd80000,0x00000000eff88010,0x00000000f1f00000)
  to   space 35328K, 0% used [0x00000000f4680000,0x00000000f4680000,0x00000000f6900000)
 ParOldGen       total 131072K, used 107489K [0x00000000a0000000, 0x00000000a8000000, 0x00000000e0000000)
  object space 131072K, 82% used [0x00000000a0000000,0x00000000a68f84f0,0x00000000a8000000)
 Metaspace       used 84113K, capacity 91968K, committed 92032K, reserved 1128448K
  class space    used 10705K, capacity 12412K, committed 12416K, reserved 1048576K
GC Heap History (10 events):
Event: 12333.765 GC heap before
{Heap before GC invocations=44 (full 3):
 PSYoungGen      total 256000K, used 255591K [0x00000000e0000000, 0x00000000f2d80000, 0x0000000100000000)
  eden space 228864K, 99% used [0x00000000e0000000,0x00000000edf1c4c8,0x00000000edf80000)
  from space 27136K, 99% used [0x00000000f1280000,0x00000000f2cfd7c8,0x00000000f2d00000)
  to   space 39936K, 0% used [0x00000000edf80000,0x00000000edf80000,0x00000000f0680000)
 ParOldGen       total 131072K, used 95327K [0x00000000a0000000, 0x00000000a8000000, 0x00000000e0000000)
  object space 131072K, 72% used [0x00000000a0000000,0x00000000a5d17c70,0x00000000a8000000)
 Metaspace       used 82836K, capacity 89472K, committed 89728K, reserved 1126400K
  class space    used 10518K, capacity 12034K, committed 12160K, reserved 1048576K
Event: 12333.787 GC heap after
Heap after GC invocations=44 (full 3):
 PSYoungGen      total 240128K, used 19296K [0x00000000e0000000, 0x00000000f2380000, 0x0000000100000000)
  eden space 220672K, 0% used [0x00000000e0000000,0x00000000e0000000,0x00000000ed780000)
  from space 19456K, 99% used [0x00000000edf80000,0x00000000ef2582d8,0x00000000ef280000)
  to   space 38912K, 0% used [0x00000000efd80000,0x00000000efd80000,0x00000000f2380000)
 ParOldGen       total 131072K, used 98109K [0x00000000a0000000, 0x00000000a8000000, 0x00000000e0000000)
  object space 131072K, 74% used [0x00000000a0000000,0x00000000a5fcf4c0,0x00000000a8000000)
 Metaspace       used 82836K, capacity 89472K, committed 89728K, reserved 1126400K
  class space    used 10518K, capacity 12034K, committed 12160K, reserved 1048576K
}
Event: 12333.825 GC heap before
{Heap before GC invocations=45 (full 3):
 PSYoungGen      total 240128K, used 238995K [0x00000000e0000000, 0x00000000f2380000, 0x0000000100000000)
  eden space 220672K, 99% used [0x00000000e0000000,0x00000000ed68cb00,0x00000000ed780000)
  from space 19456K, 99% used [0x00000000edf80000,0x00000000ef2582d8,0x00000000ef280000)
  to   space 38912K, 0% used [0x00000000efd80000,0x00000000efd80000,0x00000000f2380000)
 ParOldGen       total 131072K, used 98109K [0x00000000a0000000, 0x00000000a8000000, 0x00000000e0000000)
  object space 131072K, 74% used [0x00000000a0000000,0x00000000a5fcf4c0,0x00000000a8000000)
 Metaspace       used 82836K, capacity 89472K, committed 89728K, reserved 1126400K
  class space    used 10518K, capacity 12034K, committed 12160K, reserved 1048576K
Event: 12333.844 GC heap after
Heap after GC invocations=45 (full 3):
 PSYoungGen      total 261632K, used 15724K [0x00000000e0000000, 0x00000000f4600000, 0x0000000100000000)
  eden space 222720K, 0% used [0x00000000e0000000,0x00000000e0000000,0x00000000ed980000)
  from space 38912K, 40% used [0x00000000efd80000,0x00000000f0cdb0b8,0x00000000f2380000)
  to   space 36864K, 0% used [0x00000000ed980000,0x00000000ed980000,0x00000000efd80000)
 ParOldGen       total 131072K, used 98117K [0x00000000a0000000, 0x00000000a8000000, 0x00000000e0000000)
  object space 131072K, 74% used [0x00000000a0000000,0x00000000a5fd14c0,0x00000000a8000000)
 Metaspace       used 82836K, capacity 89472K, committed 89728K, reserved 1126400K
  class space    used 10518K, capacity 12034K, committed 12160K, reserved 1048576K
}
Event: 12368.053 GC heap before
{Heap before GC invocations=46 (full 3):
 PSYoungGen      total 261632K, used 238444K [0x00000000e0000000, 0x00000000f4600000, 0x0000000100000000)
  eden space 222720K, 100% used [0x00000000e0000000,0x00000000ed980000,0x00000000ed980000)
  from space 38912K, 40% used [0x00000000efd80000,0x00000000f0cdb0b8,0x00000000f2380000)
  to   space 36864K, 0% used [0x00000000ed980000,0x00000000ed980000,0x00000000efd80000)
 ParOldGen       total 131072K, used 98117K [0x00000000a0000000, 0x00000000a8000000, 0x00000000e0000000)
  object space 131072K, 74% used [0x00000000a0000000,0x00000000a5fd14c0,0x00000000a8000000)
 Metaspace       used 83724K, capacity 91314K, committed 91520K, reserved 1128448K
  class space    used 10679K, capacity 12349K, committed 12416K, reserved 1048576K
Event: 12368.076 GC heap after
Heap after GC invocations=46 (full 3):
 PSYoungGen      total 259584K, used 19489K [0x00000000e0000000, 0x00000000f4400000, 0x0000000100000000)
  eden space 222720K, 0% used [0x00000000e0000000,0x00000000e0000000,0x00000000ed980000)
  from space 36864K, 52% used [0x00000000ed980000,0x00000000eec88570,0x00000000efd80000)
  to   space 35840K, 0% used [0x00000000f2100000,0x00000000f2100000,0x00000000f4400000)
 ParOldGen       total 131072K, used 101111K [0x00000000a0000000, 0x00000000a8000000, 0x00000000e0000000)
  object space 131072K, 77% used [0x00000000a0000000,0x00000000a62bde90,0x00000000a8000000)
 Metaspace       used 83724K, capacity 91314K, committed 91520K, reserved 1128448K
  class space    used 10679K, capacity 12349K, committed 12416K, reserved 1048576K
}
Event: 12368.498 GC heap before
{Heap before GC invocations=47 (full 3):
 PSYoungGen      total 259584K, used 241334K [0x00000000e0000000, 0x00000000f4400000, 0x0000000100000000)
  eden space 222720K, 99% used [0x00000000e0000000,0x00000000ed8a54c8,0x00000000ed980000)
  from space 36864K, 52% used [0x00000000ed980000,0x00000000eec88570,0x00000000efd80000)
  to   space 35840K, 0% used [0x00000000f2100000,0x00000000f2100000,0x00000000f4400000)
 ParOldGen       total 131072K, used 101111K [0x00000000a0000000, 0x00000000a8000000, 0x00000000e0000000)
  object space 131072K, 77% used [0x00000000a0000000,0x00000000a62bde90,0x00000000a8000000)
 Metaspace       used 83749K, capacity 91378K, committed 91520K, reserved 1128448K
  class space    used 10679K, capacity 12349K, committed 12416K, reserved 1048576K
Event: 12368.518 GC heap after
Heap after GC invocations=47 (full 3):
 PSYoungGen      total 291840K, used 13674K [0x00000000e0000000, 0x00000000f4080000, 0x0000000100000000)
  eden space 259584K, 0% used [0x00000000e0000000,0x00000000e0000000,0x00000000efd80000)
  from space 32256K, 42% used [0x00000000f2100000,0x00000000f2e5a9e8,0x00000000f4080000)
  to   space 34304K, 0% used [0x00000000efd80000,0x00000000efd80000,0x00000000f1f00000)
 ParOldGen       total 131072K, used 107457K [0x00000000a0000000, 0x00000000a8000000, 0x00000000e0000000)
  object space 131072K, 81% used [0x00000000a0000000,0x00000000a68f04f0,0x00000000a8000000)
 Metaspace       used 83749K, capacity 91378K, committed 91520K, reserved 1128448K
  class space    used 10679K, capacity 12349K, committed 12416K, reserved 1048576K
}
Event: 12385.827 GC heap before
{Heap before GC invocations=48 (full 3):
 PSYoungGen      total 291840K, used 273258K [0x00000000e0000000, 0x00000000f4080000, 0x0000000100000000)
  eden space 259584K, 100% used [0x00000000e0000000,0x00000000efd80000,0x00000000efd80000)
  from space 32256K, 42% used [0x00000000f2100000,0x00000000f2e5a9e8,0x00000000f4080000)
  to   space 34304K, 0% used [0x00000000efd80000,0x00000000efd80000,0x00000000f1f00000)
 ParOldGen       total 131072K, used 107457K [0x00000000a0000000, 0x00000000a8000000, 0x00000000e0000000)
  object space 131072K, 81% used [0x00000000a0000000,0x00000000a68f04f0,0x00000000a8000000)
 Metaspace       used 83803K, capacity 91504K, committed 91776K, reserved 1128448K
  class space    used 10691K, capacity 12390K, committed 12416K, reserved 1048576K
Event: 12385.880 GC heap after
Heap after GC invocations=48 (full 3):
 PSYoungGen      total 293888K, used 2080K [0x00000000e0000000, 0x00000000f6900000, 0x0000000100000000)
  eden space 259584K, 0% used [0x00000000e0000000,0x00000000e0000000,0x00000000efd80000)
  from space 34304K, 6% used [0x00000000efd80000,0x00000000eff88010,0x00000000f1f00000)
  to   space 35328K, 0% used [0x00000000f4680000,0x00000000f4680000,0x00000000f6900000)
 ParOldGen       total 131072K, used 107489K [0x00000000a0000000, 0x00000000a8000000, 0x00000000e0000000)
  object space 131072K, 82% used [0x00000000a0000000,0x00000000a68f84f0,0x00000000a8000000)
 Metaspace       used 83803K, capacity 91504K, committed 91776K, reserved 1128448K
  class space    used 10691K, capacity 12390K, committed 12416K, reserved 1048576K
}

